<?xml version="1.0" encoding="UTF-8"?>
<!-- Generated by org.testng.reporters.JUnitReportReporter -->
<testsuite hostname="WS1180" failures="0" tests="2" name="tngTests.TestNG1" time="0.010" errors="0" timestamp="2020-05-18T16:19:51 PDT" skipped="0">
  <testcase classname="tngTests.TestNG1" name="testCase2" time="0.006"/>
  <system-out/>
  <testcase classname="tngTests.TestNG1" name="testCase1" time="0.004"/>
  <system-out/>
</testsuite> <!-- tngTests.TestNG1 -->
