<?xml version="1.0" encoding="UTF-8"?>
<!-- Generated by org.testng.reporters.JUnitReportReporter -->
<testsuite hostname="WS1180" failures="0" tests="6" name="tngTests.TestNG3" time="0.017" errors="0" timestamp="2020-05-19T10:15:13 PDT" skipped="0">
  <testcase classname="tngTests.TestNG3" name="b" time="0.002"/>
  <system-out/>
  <testcase classname="tngTests.TestNG3" name="d" time="0.002"/>
  <system-out/>
  <testcase classname="tngTests.TestNG3" name="f" time="0.002"/>
  <system-out/>
  <testcase classname="tngTests.TestNG3" name="e" time="0.001"/>
  <system-out/>
  <testcase classname="tngTests.TestNG3" name="c" time="0.009"/>
  <system-out/>
  <testcase classname="tngTests.TestNG3" name="a" time="0.001"/>
  <system-out/>
</testsuite> <!-- tngTests.TestNG3 -->
