<?xml version="1.0" encoding="UTF-8"?>
<!-- Generated by org.testng.reporters.JUnitReportReporter -->
<testsuite hostname="WS1180" failures="0" tests="1" name="tngTests.TestNG2" time="0.006" errors="0" timestamp="2020-05-18T15:56:02 PDT" skipped="0">
  <testcase classname="tngTests.TestNG2" name="f" time="0.006"/>
  <system-out/>
</testsuite> <!-- tngTests.TestNG2 -->
